<!DOCTYPE html PUBLIC "-//W3C//DTD XHTML 1.1//EN" "https://www.w3.org/TR/xhtml11/DTD/xhtml11.dtd">
<html xmlns="https://www.w3.org/1999/xhtml">
<head>
<meta http-equiv="content-type" content="text/html; charset=UTF-8"/>
<title>TestNG Report</title>
<style type="text/css">table {margin-bottom:10px;border-collapse:collapse;empty-cells:show}th,td {border:1px solid #009;padding:.25em .5em}th {vertical-align:bottom}td {vertical-align:top}table a {font-weight:bold}.stripe td {background-color: #E6EBF9}.num {text-align:right}.passedodd td {background-color: #3F3}.passedeven td {background-color: #0A0}.skippedodd td {background-color: #DDD}.skippedeven td {background-color: #CCC}.failedodd td,.attn {background-color: #F33}.failedeven td,.stripe .attn {background-color: #D00}.stacktrace {white-space:pre;font-family:monospace}.totop {font-size:85%;text-align:center;border-bottom:2px solid #000}.invisible {display:none}</style>
</head>
<body>
<table>
<tr><th>Test</th><th># Passed</th><th># Skipped</th><th># Retried</th><th># Failed</th><th>Time (ms)</th><th>Included Groups</th><th>Excluded Groups</th></tr>
<tr><th colspan="8">Suite</th></tr>
<tr><td><a href="#t0">Test</a></td><td class="num">21</td><td class="num attn">1</td><td class="num">0</td><td class="num attn">6</td><td class="num">24.946</td><td></td><td></td></tr>
</table>
<table id='summary'><thead><tr><th>Class</th><th>Method</th><th>Start</th><th>Time (ms)</th></tr></thead><tbody><tr><th colspan="4">Suite</th></tr></tbody><tbody id="t0"><tr><th colspan="4">Test &#8212; failed</th></tr><tr class="failedeven"><td rowspan="1">cw.test.Day14.C03_DependsOn</td><td><a href="#m0">test03</a></td><td rowspan="1">1683745588899</td><td rowspan="1">54</td></tr><tr class="failedodd"><td rowspan="1">cw.test.Day14.C05_TimeOut</td><td><a href="#m1">timedOutTest</a></td><td rowspan="1">1683745590252</td><td rowspan="1">1015</td></tr><tr class="failedeven"><td rowspan="2">cw.test.Day14.C08_HardSoftAssertions</td><td><a href="#m2">hard</a></td><td rowspan="1">1683745591280</td><td rowspan="1">196</td></tr><tr class="failedeven"><td><a href="#m3">soft</a></td><td rowspan="1">1683745591486</td><td rowspan="1">28</td></tr><tr class="failedodd"><td rowspan="2">cw.test.Day16.C01_Parameters</td><td><a href="#m4">parameterrizedTest</a></td><td rowspan="1">1683745567247</td><td rowspan="1">0</td></tr><tr class="failedodd"><td><a href="#m5">twotparameterrizedTest</a></td><td rowspan="1">1683745567309</td><td rowspan="1">0</td></tr><tr><th colspan="4">Test &#8212; skipped</th></tr><tr class="skippedeven"><td rowspan="1">cw.test.Day14.C03_DependsOn</td><td><a href="#m6">test02</a></td><td rowspan="1">1683745589068</td><td rowspan="1">1</td></tr><tr><th colspan="4">Test &#8212; passed</th></tr><tr class="passedeven"><td rowspan="2">cw.test.Day14.C01_Annotations</td><td><a href="#m7">test01</a></td><td rowspan="1">1683745566890</td><td rowspan="1">7</td></tr><tr class="passedeven"><td><a href="#m8">test02</a></td><td rowspan="1">1683745566965</td><td rowspan="1">6</td></tr><tr class="passedodd"><td rowspan="3">cw.test.Day14.C02_Priority</td><td><a href="#m9">a</a></td><td rowspan="1">1683745567398</td><td rowspan="1">6</td></tr><tr class="passedodd"><td><a href="#m10">b</a></td><td rowspan="1">1683745567350</td><td rowspan="1">12</td></tr><tr class="passedodd"><td><a href="#m11">c</a></td><td rowspan="1">1683745567464</td><td rowspan="1">70</td></tr><tr class="passedeven"><td rowspan="2">cw.test.Day14.C03_DependsOn</td><td><a href="#m12">test01</a></td><td rowspan="1">1683745588859</td><td rowspan="1">20</td></tr><tr class="passedeven"><td><a href="#m13">test04</a></td><td rowspan="1">1683745589157</td><td rowspan="1">5</td></tr><tr class="passedodd"><td rowspan="1">cw.test.Day14.C04_Enabled</td><td><a href="#m14">enabledTest</a></td><td rowspan="1">1683745589872</td><td rowspan="1">9</td></tr><tr class="passedeven"><td rowspan="1">cw.test.Day14.C05_TimeOut</td><td><a href="#m15">passedTest</a></td><td rowspan="1">1683745590054</td><td rowspan="1">191</td></tr><tr class="passedodd"><td rowspan="1">cw.test.Day14.C06_Description</td><td><a href="#m16">test01</a></td><td rowspan="1">1683745591270</td><td rowspan="1">1</td></tr><tr class="passedeven"><td rowspan="1">cw.test.Day14.C07_Assertions</td><td><a href="#m17">assertEquals</a></td><td rowspan="1">1683745591274</td><td rowspan="1">1</td></tr><tr class="passedodd"><td rowspan="3">cw.test.Day15.C01_Groups</td><td><a href="#m18">regressionTest</a></td><td rowspan="1">1683745567013</td><td rowspan="1">3</td></tr><tr class="passedodd"><td><a href="#m19">smokeRegressionTest</a></td><td rowspan="1">1683745567096</td><td rowspan="1">3</td></tr><tr class="passedodd"><td><a href="#m20">smokeTest</a></td><td rowspan="1">1683745567106</td><td rowspan="1">34</td></tr><tr class="passedeven"><td rowspan="1">cw.test.Day16.C02_ParameterUsage</td><td><a href="#m21">test01</a></td><td rowspan="1">1683745581183</td><td rowspan="1">7647</td></tr><tr class="passedodd"><td rowspan="6">cw.test.Day16.C03_DataProvider</td><td><a href="#m22">test01</a></td><td rowspan="6">1683745589806</td><td rowspan="6">37</td></tr><tr class="passedodd"><td><a href="#m23">test01</a></td></tr><tr class="passedodd"><td><a href="#m24">test01</a></td></tr><tr class="passedodd"><td><a href="#m25">test01</a></td></tr><tr class="passedodd"><td><a href="#m26">test01</a></td></tr><tr class="passedodd"><td><a href="#m27">test01</a></td></tr></tbody>
</table>
<h2>Test</h2><h3 id="m0">cw.test.Day14.C03_DependsOn#test03</h3><table class="result"><tr><th>Exception</th></tr><tr><td><div class="stacktrace">java.lang.AssertionError: null
	at cw.test.Day14.C03_DependsOn.test03(C03_DependsOn.java:25)
	at java.base/java.util.ArrayList.forEach(ArrayList.java:1541)
	at com.intellij.rt.testng.IDEARemoteTestNG.run(IDEARemoteTestNG.java:66)
	at com.intellij.rt.testng.RemoteTestNGStarter.main(RemoteTestNGStarter.java:105)
... Removed 26 stack frames</div></td></tr></table><p class="totop"><a href="#summary">back to summary</a></p>
<h3 id="m1">cw.test.Day14.C05_TimeOut#timedOutTest</h3><table class="result"><tr><th>Exception</th></tr><tr><td><div class="stacktrace">org.testng.internal.thread.ThreadTimeoutException: Method cw.test.Day14.C05_TimeOut.timedOutTest() didn&apos;t finish within the time-out 1000
	at java.base@11.0.16/java.lang.Thread.sleep(Native Method)
	at app//cw.test.Day14.C05_TimeOut.timedOutTest(C05_TimeOut.java:18)
	at java.base@11.0.16/java.util.concurrent.FutureTask.run(FutureTask.java:264)
	at java.base@11.0.16/java.util.concurrent.ThreadPoolExecutor.runWorker(ThreadPoolExecutor.java:1128)
	at java.base@11.0.16/java.util.concurrent.ThreadPoolExecutor$Worker.run(ThreadPoolExecutor.java:628)
	at java.base@11.0.16/java.lang.Thread.run(Thread.java:834)
... Removed 8 stack frames</div></td></tr></table><p class="totop"><a href="#summary">back to summary</a></p>
<h3 id="m2">cw.test.Day14.C08_HardSoftAssertions#hard</h3><table class="result"><tr><th>Exception</th></tr><tr><td><div class="stacktrace">java.lang.AssertionError: expected [2] but found [1]
	at cw.test.Day14.C08_HardSoftAssertions.hard(C08_HardSoftAssertions.java:18)
	at java.base/java.util.ArrayList.forEach(ArrayList.java:1541)
	at com.intellij.rt.testng.IDEARemoteTestNG.run(IDEARemoteTestNG.java:66)
	at com.intellij.rt.testng.RemoteTestNGStarter.main(RemoteTestNGStarter.java:105)
... Removed 31 stack frames</div></td></tr></table><p class="totop"><a href="#summary">back to summary</a></p>
<h3 id="m3">cw.test.Day14.C08_HardSoftAssertions#soft</h3><table class="result"><tr><th>Exception</th></tr><tr><td><div class="stacktrace">java.lang.AssertionError: The following asserts failed:
	expected [2] but found [1],
	expected [3] but found [2]
	at cw.test.Day14.C08_HardSoftAssertions.soft(C08_HardSoftAssertions.java:38)
	at java.base/java.util.ArrayList.forEach(ArrayList.java:1541)
	at com.intellij.rt.testng.IDEARemoteTestNG.run(IDEARemoteTestNG.java:66)
	at com.intellij.rt.testng.RemoteTestNGStarter.main(RemoteTestNGStarter.java:105)
... Removed 26 stack frames</div></td></tr></table><p class="totop"><a href="#summary">back to summary</a></p>
<h3 id="m4">cw.test.Day16.C01_Parameters#parameterrizedTest</h3><table class="result"><tr><th>Exception</th></tr><tr><td><div class="stacktrace">org.testng.TestNGException: 
Parameter &apos;isim&apos; is required by @Test on method parameterrizedTest but has not been marked @Optional or defined
in C:\Users\ahmet\TestNGSelenium\13_Listener.xml
	at java.base/java.util.ArrayList.forEach(ArrayList.java:1541)
	at com.intellij.rt.testng.IDEARemoteTestNG.run(IDEARemoteTestNG.java:66)
	at com.intellij.rt.testng.RemoteTestNGStarter.main(RemoteTestNGStarter.java:105)
... Removed 23 stack frames</div></td></tr></table><p class="totop"><a href="#summary">back to summary</a></p>
<h3 id="m5">cw.test.Day16.C01_Parameters#twotparameterrizedTest</h3><table class="result"><tr><th>Exception</th></tr><tr><td><div class="stacktrace">org.testng.TestNGException: 
Parameter &apos;isim&apos; is required by @Test on method twotparameterrizedTest but has not been marked @Optional or defined
in C:\Users\ahmet\TestNGSelenium\13_Listener.xml
	at java.base/java.util.ArrayList.forEach(ArrayList.java:1541)
	at com.intellij.rt.testng.IDEARemoteTestNG.run(IDEARemoteTestNG.java:66)
	at com.intellij.rt.testng.RemoteTestNGStarter.main(RemoteTestNGStarter.java:105)
... Removed 23 stack frames</div></td></tr></table><p class="totop"><a href="#summary">back to summary</a></p>
<h3 id="m6">cw.test.Day14.C03_DependsOn#test02</h3><table class="result"><tr><th>Exception</th></tr><tr><td><div class="stacktrace">java.lang.Throwable: Method cw.test.Day14.C03_DependsOn.test02() on instance cw.test.Day14.C03_DependsOn@793be5ca depends on not successfully finished methods 
[cw.test.Day14.C03_DependsOn.test03() on instance cw.test.Day14.C03_DependsOn@793be5ca
cw.test.Day14.C03_DependsOn.test01() on instance cw.test.Day14.C03_DependsOn@793be5ca]
	at java.base/java.util.ArrayList.forEach(ArrayList.java:1541)
	at com.intellij.rt.testng.IDEARemoteTestNG.run(IDEARemoteTestNG.java:66)
	at com.intellij.rt.testng.RemoteTestNGStarter.main(RemoteTestNGStarter.java:105)
... Removed 15 stack frames</div></td></tr></table><p class="totop"><a href="#summary">back to summary</a></p>
<h3 id="m7">cw.test.Day14.C01_Annotations#test01</h3><table class="result"><tr><th class="invisible"/></tr></table><p class="totop"><a href="#summary">back to summary</a></p>
<h3 id="m8">cw.test.Day14.C01_Annotations#test02</h3><table class="result"><tr><th class="invisible"/></tr></table><p class="totop"><a href="#summary">back to summary</a></p>
<h3 id="m9">cw.test.Day14.C02_Priority#a</h3><table class="result"><tr><th class="invisible"/></tr></table><p class="totop"><a href="#summary">back to summary</a></p>
<h3 id="m10">cw.test.Day14.C02_Priority#b</h3><table class="result"><tr><th class="invisible"/></tr></table><p class="totop"><a href="#summary">back to summary</a></p>
<h3 id="m11">cw.test.Day14.C02_Priority#c</h3><table class="result"><tr><th class="invisible"/></tr></table><p class="totop"><a href="#summary">back to summary</a></p>
<h3 id="m12">cw.test.Day14.C03_DependsOn#test01</h3><table class="result"><tr><th class="invisible"/></tr></table><p class="totop"><a href="#summary">back to summary</a></p>
<h3 id="m13">cw.test.Day14.C03_DependsOn#test04</h3><table class="result"><tr><th class="invisible"/></tr></table><p class="totop"><a href="#summary">back to summary</a></p>
<h3 id="m14">cw.test.Day14.C04_Enabled#enabledTest</h3><table class="result"><tr><th class="invisible"/></tr></table><p class="totop"><a href="#summary">back to summary</a></p>
<h3 id="m15">cw.test.Day14.C05_TimeOut#passedTest</h3><table class="result"><tr><th class="invisible"/></tr></table><p class="totop"><a href="#summary">back to summary</a></p>
<h3 id="m16">cw.test.Day14.C06_Description#test01</h3><table class="result"><tr><th class="invisible"/></tr></table><p class="totop"><a href="#summary">back to summary</a></p>
<h3 id="m17">cw.test.Day14.C07_Assertions#assertEquals</h3><table class="result"><tr><th class="invisible"/></tr></table><p class="totop"><a href="#summary">back to summary</a></p>
<h3 id="m18">cw.test.Day15.C01_Groups#regressionTest</h3><table class="result"><tr><th class="invisible"/></tr></table><p class="totop"><a href="#summary">back to summary</a></p>
<h3 id="m19">cw.test.Day15.C01_Groups#smokeRegressionTest</h3><table class="result"><tr><th class="invisible"/></tr></table><p class="totop"><a href="#summary">back to summary</a></p>
<h3 id="m20">cw.test.Day15.C01_Groups#smokeTest</h3><table class="result"><tr><th class="invisible"/></tr></table><p class="totop"><a href="#summary">back to summary</a></p>
<h3 id="m21">cw.test.Day16.C02_ParameterUsage#test01</h3><table class="result"><tr><th class="invisible"/></tr></table><p class="totop"><a href="#summary">back to summary</a></p>
<h3 id="m22">cw.test.Day16.C03_DataProvider#test01</h3><table class="result"><tr class="param"><th>Parameter #1</th><th>Parameter #2</th><th>Parameter #3</th></tr><tr class="param stripe"><td>karl@gmail.com</td><td>Aa1aaaaa</td><td>Ozel karakter yok</td></tr></table><p class="totop"><a href="#summary">back to summary</a></p>
<h3 id="m23">cw.test.Day16.C03_DataProvider#test01</h3><table class="result"><tr class="param"><th>Parameter #1</th><th>Parameter #2</th><th>Parameter #3</th></tr><tr class="param stripe"><td>karl@gmail.com</td><td>AAAAA1.</td><td>Kucuk harf yok</td></tr></table><p class="totop"><a href="#summary">back to summary</a></p>
<h3 id="m24">cw.test.Day16.C03_DataProvider#test01</h3><table class="result"><tr class="param"><th>Parameter #1</th><th>Parameter #2</th><th>Parameter #3</th></tr><tr class="param stripe"><td>karl@gmail.com</td><td>aaaaa1.</td><td>Buyuk harf yok</td></tr></table><p class="totop"><a href="#summary">back to summary</a></p>
<h3 id="m25">cw.test.Day16.C03_DataProvider#test01</h3><table class="result"><tr class="param"><th>Parameter #1</th><th>Parameter #2</th><th>Parameter #3</th></tr><tr class="param stripe"><td>karl@gmail.com</td><td>Aaaaaa.</td><td>Sayi yok</td></tr></table><p class="totop"><a href="#summary">back to summary</a></p>
<h3 id="m26">cw.test.Day16.C03_DataProvider#test01</h3><table class="result"><tr class="param"><th>Parameter #1</th><th>Parameter #2</th><th>Parameter #3</th></tr><tr class="param stripe"><td>karl@gmail.com</td><td>Aa1.</td><td>6 harften kisa</td></tr></table><p class="totop"><a href="#summary">back to summary</a></p>
<h3 id="m27">cw.test.Day16.C03_DataProvider#test01</h3><table class="result"><tr class="param"><th>Parameter #1</th><th>Parameter #2</th><th>Parameter #3</th></tr><tr class="param stripe"><td>karl@gmail.com</td><td>Aa1.skjdhfgsdkhjfdksjhfkdsjhfkdjshfksdhj</td><td>20 harften uzun</td></tr></table><p class="totop"><a href="#summary">back to summary</a></p>
</body>
</html>
